date: "2015-01-06 13:39:13.618"
argv: node /usr/local/bin/hexo g --debug
os: Linux 3.13.0-43-generic linux x64
versions:
  http_parser: "1.0"
  node: 0.10.25
  v8: 3.14.5.9
  ares: 1.10.0
  uv: 0.10.23
  zlib: 1.2.8
  modules: "11"
  openssl: 1.0.1f
  hexo: 2.8.3
---
[debug] 13:39:13.905 Config file loaded from /home/chen/blog/_config.yml
[debug] 13:39:13.910 Version info checked successfully
[debug] 13:39:13.984 Processed: draft.md (1ms)
[debug] 13:39:13.985 Processed: page.md (2ms)
[debug] 13:39:13.986 Processed: photo.md (3ms)
[debug] 13:39:13.987 Processed: post.md (4ms)
[debug] 13:39:13.996 Plugin loaded successfully: hexo-generator-feed
[debug] 13:39:14.023 Plugin loaded successfully: hexo-renderer-ejs
[debug] 13:39:14.043 Plugin loaded successfully: hexo-renderer-marked
[debug] 13:39:14.179 Plugin loaded successfully: hexo-renderer-stylus
[debug] 13:39:14.887 Processed: _posts/chrome扩展开发手记<2>-登录原理分析.md (699ms)
[debug] 13:39:14.888 Processed: _posts/chrome扩展开发手记<3>-chrome扩展开始第一步manfest.json.md (700ms)
[debug] 13:39:14.888 Processed: _posts/cmcc520扩展使用说明.md (700ms)
[debug] 13:39:14.888 Processed: _posts/custom-hexo.md (700ms)
[debug] 13:39:14.888 Processed: _posts/how-to-build-a-blog-with-hexo.md (699ms)
[debug] 13:39:14.888 Processed: _posts/new-start.md (699ms)
[debug] 13:39:14.888 Processed: _posts/recent-task.md (699ms)
[debug] 13:39:14.889 Processed: _posts/sql中left_join和right_join混用.md (699ms)
[debug] 13:39:14.889 Processed: _posts/wamp与sql_server_因为端口80冲突,无法开启wamp.md (698ms)
[debug] 13:39:14.889 Processed: _posts/阿里云windows_server_2003_搭建邮件服务器.md (698ms)
[debug] 13:39:14.890 Processed: _posts/[js]replace替换.md (704ms)
[debug] 13:39:14.890 Processed: _posts/[js]前端试题.md (703ms)
[debug] 13:39:14.890 Processed: _posts/chrome扩展开发手记<1>-需求分析.md (702ms)
[debug] 13:39:14.920 Generator: archive (25ms)
[debug] 13:39:14.927 Generator: category (7ms)
[debug] 13:39:14.934 Generator: home (7ms)
[debug] 13:39:14.934 Generator: page (0ms)
[debug] 13:39:14.950 Generator: post (16ms)
[debug] 13:39:14.971 Generator: tag (20ms)
[debug] 13:39:14.971 Generator: asset (0ms)
[debug] 13:39:14.993 Generator: feed (21ms)
[info] 13:39:14.994 Files loaded in 0.813s
[warn] 13:39:14.995 No layout: archives/
[warn] 13:39:14.995 No layout: archives/2014/
[warn] 13:39:14.996 No layout: archives/2014/06/
[warn] 13:39:14.996 No layout: archives/2014/08/
[warn] 13:39:14.996 No layout: archives/2014/11/
[warn] 13:39:14.996 No layout: archives/2014/12/
